<?xml version="1.0" encoding="UTF-8"?>
<testsuite name="tourGuide.TestTourGuideService" tests="5" skipped="0" failures="0" errors="0" timestamp="2023-08-05T15:19:39" hostname="EIKICHIPC" time="2.892">
  <properties/>
  <testcase name="getUserLocation" classname="tourGuide.TestTourGuideService" time="0.09"/>
  <testcase name="addUser" classname="tourGuide.TestTourGuideService" time="0.004"/>
  <testcase name="getAllUsers" classname="tourGuide.TestTourGuideService" time="0.004"/>
  <testcase name="trackUser" classname="tourGuide.TestTourGuideService" time="0.115"/>
  <testcase name="getNearbyAttractions" classname="tourGuide.TestTourGuideService" time="2.675"/>
  <system-out><![CDATA[17:19:39.647 [Test worker] INFO tourGuide.service.TourGuideService - TestMode enabled
17:19:39.647 [Test worker] DEBUG tourGuide.service.TourGuideService - Initializing users
17:19:39.647 [Test worker] DEBUG tourGuide.service.TourGuideService - Created 0 internal test users.
17:19:39.648 [Test worker] DEBUG tourGuide.service.TourGuideService - Finished initializing users
17:19:39.650 [pool-2-thread-1] DEBUG tourGuide.tracker.Tracker - Begin Tracker. Tracking 0 users.
17:19:39.651 [pool-2-thread-1] DEBUG tourGuide.tracker.Tracker - Tracker Time Elapsed: 0 seconds.
17:19:39.652 [pool-2-thread-1] DEBUG tourGuide.tracker.Tracker - Tracker sleeping
17:19:39.738 [Test worker] INFO tourGuide.service.TourGuideService - TestMode enabled
17:19:39.739 [Test worker] DEBUG tourGuide.service.TourGuideService - Initializing users
17:19:39.739 [Test worker] DEBUG tourGuide.service.TourGuideService - Created 0 internal test users.
17:19:39.740 [Test worker] DEBUG tourGuide.service.TourGuideService - Finished initializing users
17:19:39.742 [pool-3-thread-1] DEBUG tourGuide.tracker.Tracker - Tracker stopping
17:19:39.743 [Test worker] INFO tourGuide.service.TourGuideService - TestMode enabled
17:19:39.745 [Test worker] DEBUG tourGuide.service.TourGuideService - Initializing users
17:19:39.745 [Test worker] DEBUG tourGuide.service.TourGuideService - Created 0 internal test users.
17:19:39.745 [Test worker] DEBUG tourGuide.service.TourGuideService - Finished initializing users
17:19:39.748 [Test worker] INFO tourGuide.service.TourGuideService - TestMode enabled
17:19:39.749 [Test worker] DEBUG tourGuide.service.TourGuideService - Initializing users
17:19:39.749 [Test worker] DEBUG tourGuide.service.TourGuideService - Created 0 internal test users.
17:19:39.750 [Test worker] DEBUG tourGuide.service.TourGuideService - Finished initializing users
17:19:39.753 [pool-5-thread-1] DEBUG tourGuide.tracker.Tracker - Begin Tracker. Tracking 0 users.
17:19:39.753 [pool-5-thread-1] DEBUG tourGuide.tracker.Tracker - Tracker Time Elapsed: 0 seconds.
17:19:39.753 [pool-5-thread-1] DEBUG tourGuide.tracker.Tracker - Tracker sleeping
17:19:39.752 [pool-4-thread-1] DEBUG tourGuide.tracker.Tracker - Tracker stopping
17:19:39.864 [Test worker] INFO tourGuide.service.TourGuideService - TestMode enabled
17:19:39.865 [Test worker] DEBUG tourGuide.service.TourGuideService - Initializing users
17:19:39.865 [Test worker] DEBUG tourGuide.service.TourGuideService - Created 0 internal test users.
17:19:39.865 [Test worker] DEBUG tourGuide.service.TourGuideService - Finished initializing users
17:19:39.867 [pool-6-thread-1] DEBUG tourGuide.tracker.Tracker - Begin Tracker. Tracking 0 users.
17:19:39.868 [pool-6-thread-1] DEBUG tourGuide.tracker.Tracker - Tracker Time Elapsed: 0 seconds.
17:19:39.868 [pool-6-thread-1] DEBUG tourGuide.tracker.Tracker - Tracker sleeping
]]></system-out>
  <system-err><![CDATA[]]></system-err>
</testsuite>
